<?xml version="1.0" encoding="UTF-8"?>
<testng-results ignored="0" total="1" passed="1" failed="0" skipped="0">
  <reporter-output>
  </reporter-output>
  <suite started-at="2021-11-25T15:08:43Z" name="nopCommerceV2" finished-at="2021-11-25T15:09:25Z" duration-ms="41895">
    <groups>
    </groups>
    <test started-at="2021-11-25T15:08:43Z" name="Test1" finished-at="2021-11-25T15:09:25Z" duration-ms="41895">
      <class name="com.nopcommerce.testCases.TC_LoginTest_001">
        <test-method is-config="true" signature="setup(java.lang.String)[pri:0, instance:com.nopcommerce.testCases.TC_LoginTest_001@6e20b53a]" started-at="2021-11-25T15:08:44Z" name="setup" finished-at="2021-11-25T15:08:54Z" duration-ms="10395" status="PASS">
          <params>
            <param index="0">
              <value>
                <![CDATA[chrome]]>
              </value>
            </param>
          </params>
          <reporter-output>
          </reporter-output>
        </test-method> <!-- setup -->
        <test-method signature="loginTest()[pri:0, instance:com.nopcommerce.testCases.TC_LoginTest_001@6e20b53a]" started-at="2021-11-25T15:08:54Z" name="loginTest" finished-at="2021-11-25T15:09:25Z" duration-ms="31213" status="PASS">
          <reporter-output>
          </reporter-output>
        </test-method> <!-- loginTest -->
        <test-method is-config="true" signature="tearDown()[pri:0, instance:com.nopcommerce.testCases.TC_LoginTest_001@6e20b53a]" started-at="2021-11-25T15:09:25Z" name="tearDown" finished-at="2021-11-25T15:09:25Z" duration-ms="42" status="PASS">
          <reporter-output>
          </reporter-output>
        </test-method> <!-- tearDown -->
      </class> <!-- com.nopcommerce.testCases.TC_LoginTest_001 -->
    </test> <!-- Test1 -->
  </suite> <!-- nopCommerceV2 -->
</testng-results>
